<?xml version="1.0" encoding="UTF-8"?>
<testng-results skipped="0" failed="0" total="1" passed="1">
  <reporter-output>
  </reporter-output>
  <suite name="Default suite" duration-ms="43642" started-at="2022-10-18T14:22:13Z" finished-at="2022-10-18T14:22:57Z">
    <groups>
    </groups>
    <test name="Default test" duration-ms="43642" started-at="2022-10-18T14:22:13Z" finished-at="2022-10-18T14:22:57Z">
      <class name="automate.NewTest">
        <test-method status="PASS" signature="beforeMethod()[pri:0, instance:automate.NewTest@d7b1517]" name="beforeMethod" is-config="true" duration-ms="3494" started-at="2022-10-18T19:52:14Z" finished-at="2022-10-18T19:52:17Z">
          <reporter-output>
          </reporter-output>
        </test-method> <!-- beforeMethod -->
        <test-method status="PASS" signature="f()[pri:0, instance:automate.NewTest@d7b1517]" name="f" duration-ms="40127" started-at="2022-10-18T19:52:17Z" finished-at="2022-10-18T19:52:57Z">
          <reporter-output>
          </reporter-output>
        </test-method> <!-- f -->
        <test-method status="PASS" signature="afterMethod()[pri:0, instance:automate.NewTest@d7b1517]" name="afterMethod" is-config="true" duration-ms="0" started-at="2022-10-18T19:52:57Z" finished-at="2022-10-18T19:52:57Z">
          <reporter-output>
          </reporter-output>
        </test-method> <!-- afterMethod -->
      </class> <!-- automate.NewTest -->
    </test> <!-- Default test -->
  </suite> <!-- Default suite -->
</testng-results>
